<?xml version="1.0" encoding="UTF-8"?>
<!-- Generated by org.testng.reporters.JUnitReportReporter -->
<testsuite hostname="Pari" failures="0" tests="2" name="com.flipkart.tests.LoginPageTest" time="106.178" errors="0" timestamp="2022-10-14T17:26:19 IST" skipped="0">
  <testcase classname="com.flipkart.tests.LoginPageTest" name="loginPageTitleTest" time="50.182"/>
  <system-out/>
  <testcase classname="com.flipkart.tests.LoginPageTest" name="loginTest" time="55.996"/>
  <system-out/>
</testsuite> <!-- com.flipkart.tests.LoginPageTest -->
