<?xml version="1.0" encoding="UTF-8"?>
<!-- Generated by org.testng.reporters.JUnitReportReporter -->
<testsuite hostname="Pari" failures="0" tests="3" name="com.flipkart.tests.SearchResultTest" time="364.564" errors="0" timestamp="2022-10-14T22:22:05 IST" skipped="0">
  <testcase classname="com.flipkart.tests.SearchResultTest" name="searchTest" time="65.013"/>
  <system-out/>
  <testcase classname="com.flipkart.tests.SearchResultTest" name="searchTest" time="220.644"/>
  <system-out/>
  <testcase classname="com.flipkart.tests.SearchResultTest" name="searchTest" time="78.907"/>
  <system-out/>
</testsuite> <!-- com.flipkart.tests.SearchResultTest -->
