<?xml version="1.0" encoding="UTF-8"?>
<!-- Generated by org.testng.reporters.JUnitReportReporter -->
<testsuite hostname="Pari" failures="0" tests="1" name="com.flipkart.tests.HomePageTest" time="73.947" errors="0" timestamp="2022-10-14T22:52:11 IST" skipped="0">
  <testcase classname="com.flipkart.tests.HomePageTest" name="validateLoginBtnTest" time="73.947"/>
  <system-out/>
</testsuite> <!-- com.flipkart.tests.HomePageTest -->
